<?xml version="1.0" encoding="UTF-8"?>
<testsuite name="helloworld.HelloWorldTest" tests="1" skipped="0" failures="0" errors="0" timestamp="2018-12-26T16:15:15" hostname="HOLBMAC0275" time="0.001">
  <properties/>
  <testcase name="testHelloWorld" classname="helloworld.HelloWorldTest" time="0.001"/>
  <system-out><![CDATA[]]></system-out>
  <system-err><![CDATA[]]></system-err>
</testsuite>
